2025-07-15 19:18:28,914 - INFO - --- INICIANDO A EXECUÇÃO DO PIPELINE FINANCEIRO ---
2025-07-15 19:18:28,916 - INFO - Banco de dados 'dados_local/dsa_dados_mercado.db' e tabela 'dados_acoes_diario' verificados/criados com sucesso.
2025-07-15 19:18:28,916 - INFO - Extraindo dados para o ticker: PETR4.SA...
2025-07-15 19:18:29,274 - INFO - Transformando dados para o ticker: PETR4.SA...
2025-07-15 19:18:29,277 - INFO - Dados para o ticker 'PETR4.SA' carregados/atualizados com sucesso.
2025-07-15 19:18:29,277 - INFO - Extraindo dados para o ticker: VALE3.SA...
2025-07-15 19:18:29,356 - INFO - Transformando dados para o ticker: VALE3.SA...
2025-07-15 19:18:29,358 - INFO - Dados para o ticker 'VALE3.SA' carregados/atualizados com sucesso.
2025-07-15 19:18:29,358 - INFO - Extraindo dados para o ticker: ITUB4.SA...
2025-07-15 19:18:29,449 - INFO - Transformando dados para o ticker: ITUB4.SA...
2025-07-15 19:18:29,454 - INFO - Dados para o ticker 'ITUB4.SA' carregados/atualizados com sucesso.
2025-07-15 19:18:29,454 - INFO - Extraindo dados para o ticker: BBDC4.SA...
2025-07-15 19:18:29,525 - INFO - Transformando dados para o ticker: BBDC4.SA...
2025-07-15 19:18:29,527 - INFO - Dados para o ticker 'BBDC4.SA' carregados/atualizados com sucesso.
2025-07-15 19:18:29,527 - INFO - Extraindo dados para o ticker: ABEV3.SA...
2025-07-15 19:18:29,611 - INFO - Transformando dados para o ticker: ABEV3.SA...
2025-07-15 19:18:29,613 - INFO - Dados para o ticker 'ABEV3.SA' carregados/atualizados com sucesso.
2025-07-15 19:18:29,613 - INFO - Extraindo dados para o ticker: MGLU3.SA...
2025-07-15 19:18:29,707 - INFO - Transformando dados para o ticker: MGLU3.SA...
2025-07-15 19:18:29,709 - INFO - Dados para o ticker 'MGLU3.SA' carregados/atualizados com sucesso.
2025-07-15 19:18:29,709 - INFO - Extraindo dados para o ticker: WEGE3.SA...
2025-07-15 19:18:29,782 - INFO - Transformando dados para o ticker: WEGE3.SA...
2025-07-15 19:18:29,786 - INFO - Dados para o ticker 'WEGE3.SA' carregados/atualizados com sucesso.
2025-07-15 19:18:29,786 - INFO - Extraindo dados para o ticker: VLTA.CN...
2025-07-15 19:18:29,902 - INFO - Transformando dados para o ticker: VLTA.CN...
2025-07-15 19:18:29,905 - INFO - Dados para o ticker 'VLTA.CN' carregados/atualizados com sucesso.
2025-07-15 19:18:29,905 - INFO - Conexão com o banco de dados 'dados_local/dsa_dados_mercado.db' fechada.
2025-07-15 19:18:29,905 - INFO - --- PIPELINE EXECUTADO COM SUCESSO ---
